Analysis & Synthesis report for crossbar
Fri Sep 28 03:46:02 2018
Quartus Prime Version 18.0.0 Build 614 04/24/2018 SJ Lite Edition


---------------------
; Table of Contents ;
---------------------
  1. Legal Notice
  2. Analysis & Synthesis Summary
  3. Analysis & Synthesis Settings
  4. Parallel Compilation
  5. Analysis & Synthesis Source Files Read
  6. Analysis & Synthesis Resource Usage Summary
  7. Analysis & Synthesis Resource Utilization by Entity
  8. State Machine - |top_final|control:my_cntr|state
  9. Registers Removed During Synthesis
 10. General Register Statistics
 11. Multiplexer Restructuring Statistics (Restructuring Performed)
 12. Parameter Settings for User Entity Instance: control:my_cntr
 13. Post-Synthesis Netlist Statistics for Top Partition
 14. Elapsed Time Per Partition
 15. Analysis & Synthesis Messages
 16. Analysis & Synthesis Suppressed Messages



----------------
; Legal Notice ;
----------------
Copyright (C) 2018  Intel Corporation. All rights reserved.
Your use of Intel Corporation's design tools, logic functions 
and other software and tools, and its AMPP partner logic 
functions, and any output files from any of the foregoing 
(including device programming or simulation files), and any 
associated documentation or information are expressly subject 
to the terms and conditions of the Intel Program License 
Subscription Agreement, the Intel Quartus Prime License Agreement,
the Intel FPGA IP License Agreement, or other applicable license
agreement, including, without limitation, that your use is for
the sole purpose of programming logic devices manufactured by
Intel and sold by Intel or its authorized distributors.  Please
refer to the applicable agreement for further details.



+-------------------------------------------------------------------------------+
; Analysis & Synthesis Summary                                                  ;
+---------------------------------+---------------------------------------------+
; Analysis & Synthesis Status     ; Successful - Thu Sep 27 22:57:56 2018       ;
; Quartus Prime Version           ; 18.0.0 Build 614 04/24/2018 SJ Lite Edition ;
; Revision Name                   ; crossbar                                    ;
; Top-level Entity Name           ; top_final                                   ;
; Family                          ; Cyclone V                                   ;
; Logic utilization (in ALMs)     ; N/A                                         ;
; Total registers                 ; 16                                          ;
; Total pins                      ; 398                                         ;
; Total virtual pins              ; 0                                           ;
; Total block memory bits         ; 0                                           ;
; Total DSP Blocks                ; 0                                           ;
; Total HSSI RX PCSs              ; 0                                           ;
; Total HSSI PMA RX Deserializers ; 0                                           ;
; Total HSSI TX PCSs              ; 0                                           ;
; Total HSSI PMA TX Serializers   ; 0                                           ;
; Total PLLs                      ; 0                                           ;
; Total DLLs                      ; 0                                           ;
+---------------------------------+---------------------------------------------+


+---------------------------------------------------------------------------------------------------------------------------+
; Analysis & Synthesis Settings                                                                                             ;
+---------------------------------------------------------------------------------+--------------------+--------------------+
; Option                                                                          ; Setting            ; Default Value      ;
+---------------------------------------------------------------------------------+--------------------+--------------------+
; Device                                                                          ; 5CGXFC7C7F23C8     ;                    ;
; Top-level entity name                                                           ; top_final          ; crossbar           ;
; Family name                                                                     ; Cyclone V          ; Cyclone V          ;
; Use smart compilation                                                           ; Off                ; Off                ;
; Enable parallel Assembler and Timing Analyzer during compilation                ; On                 ; On                 ;
; Enable compact report table                                                     ; Off                ; Off                ;
; Restructure Multiplexers                                                        ; Auto               ; Auto               ;
; MLAB Add Timing Constraints For Mixed-Port Feed-Through Mode Setting Don't Care ; Off                ; Off                ;
; Create Debugging Nodes for IP Cores                                             ; Off                ; Off                ;
; Preserve fewer node names                                                       ; On                 ; On                 ;
; Intel FPGA IP Evaluation Mode                                                   ; Enable             ; Enable             ;
; Verilog Version                                                                 ; Verilog_2001       ; Verilog_2001       ;
; VHDL Version                                                                    ; VHDL_1993          ; VHDL_1993          ;
; State Machine Processing                                                        ; Auto               ; Auto               ;
; Safe State Machine                                                              ; Off                ; Off                ;
; Extract Verilog State Machines                                                  ; On                 ; On                 ;
; Extract VHDL State Machines                                                     ; On                 ; On                 ;
; Ignore Verilog initial constructs                                               ; Off                ; Off                ;
; Iteration limit for constant Verilog loops                                      ; 5000               ; 5000               ;
; Iteration limit for non-constant Verilog loops                                  ; 250                ; 250                ;
; Add Pass-Through Logic to Inferred RAMs                                         ; On                 ; On                 ;
; Infer RAMs from Raw Logic                                                       ; On                 ; On                 ;
; Parallel Synthesis                                                              ; On                 ; On                 ;
; DSP Block Balancing                                                             ; Auto               ; Auto               ;
; NOT Gate Push-Back                                                              ; On                 ; On                 ;
; Power-Up Don't Care                                                             ; On                 ; On                 ;
; Remove Redundant Logic Cells                                                    ; Off                ; Off                ;
; Remove Duplicate Registers                                                      ; On                 ; On                 ;
; Ignore CARRY Buffers                                                            ; Off                ; Off                ;
; Ignore CASCADE Buffers                                                          ; Off                ; Off                ;
; Ignore GLOBAL Buffers                                                           ; Off                ; Off                ;
; Ignore ROW GLOBAL Buffers                                                       ; Off                ; Off                ;
; Ignore LCELL Buffers                                                            ; Off                ; Off                ;
; Ignore SOFT Buffers                                                             ; On                 ; On                 ;
; Limit AHDL Integers to 32 Bits                                                  ; Off                ; Off                ;
; Optimization Technique                                                          ; Balanced           ; Balanced           ;
; Carry Chain Length                                                              ; 70                 ; 70                 ;
; Auto Carry Chains                                                               ; On                 ; On                 ;
; Auto Open-Drain Pins                                                            ; On                 ; On                 ;
; Perform WYSIWYG Primitive Resynthesis                                           ; Off                ; Off                ;
; Auto ROM Replacement                                                            ; On                 ; On                 ;
; Auto RAM Replacement                                                            ; On                 ; On                 ;
; Auto DSP Block Replacement                                                      ; On                 ; On                 ;
; Auto Shift Register Replacement                                                 ; Auto               ; Auto               ;
; Allow Shift Register Merging across Hierarchies                                 ; Auto               ; Auto               ;
; Auto Clock Enable Replacement                                                   ; On                 ; On                 ;
; Strict RAM Replacement                                                          ; Off                ; Off                ;
; Allow Synchronous Control Signals                                               ; On                 ; On                 ;
; Force Use of Synchronous Clear Signals                                          ; Off                ; Off                ;
; Auto Resource Sharing                                                           ; Off                ; Off                ;
; Allow Any RAM Size For Recognition                                              ; Off                ; Off                ;
; Allow Any ROM Size For Recognition                                              ; Off                ; Off                ;
; Allow Any Shift Register Size For Recognition                                   ; Off                ; Off                ;
; Use LogicLock Constraints during Resource Balancing                             ; On                 ; On                 ;
; Ignore translate_off and synthesis_off directives                               ; Off                ; Off                ;
; Timing-Driven Synthesis                                                         ; On                 ; On                 ;
; Report Parameter Settings                                                       ; On                 ; On                 ;
; Report Source Assignments                                                       ; On                 ; On                 ;
; Report Connectivity Checks                                                      ; On                 ; On                 ;
; Ignore Maximum Fan-Out Assignments                                              ; Off                ; Off                ;
; Synchronization Register Chain Length                                           ; 3                  ; 3                  ;
; Power Optimization During Synthesis                                             ; Normal compilation ; Normal compilation ;
; HDL message level                                                               ; Level2             ; Level2             ;
; Suppress Register Optimization Related Messages                                 ; Off                ; Off                ;
; Number of Removed Registers Reported in Synthesis Report                        ; 5000               ; 5000               ;
; Number of Swept Nodes Reported in Synthesis Report                              ; 5000               ; 5000               ;
; Number of Inverted Registers Reported in Synthesis Report                       ; 100                ; 100                ;
; Clock MUX Protection                                                            ; On                 ; On                 ;
; Auto Gated Clock Conversion                                                     ; Off                ; Off                ;
; Block Design Naming                                                             ; Auto               ; Auto               ;
; SDC constraint protection                                                       ; Off                ; Off                ;
; Synthesis Effort                                                                ; Auto               ; Auto               ;
; Shift Register Replacement - Allow Asynchronous Clear Signal                    ; On                 ; On                 ;
; Pre-Mapping Resynthesis Optimization                                            ; Off                ; Off                ;
; Analysis & Synthesis Message Level                                              ; Medium             ; Medium             ;
; Disable Register Merging Across Hierarchies                                     ; Auto               ; Auto               ;
; Resource Aware Inference For Block RAM                                          ; On                 ; On                 ;
; Automatic Parallel Synthesis                                                    ; On                 ; On                 ;
; Partial Reconfiguration Bitstream ID                                            ; Off                ; Off                ;
+---------------------------------------------------------------------------------+--------------------+--------------------+


+------------------------------------------+
; Parallel Compilation                     ;
+----------------------------+-------------+
; Processors                 ; Number      ;
+----------------------------+-------------+
; Number detected on machine ; 4           ;
; Maximum allowed            ; 4           ;
;                            ;             ;
; Average used               ; 1.00        ;
; Maximum used               ; 4           ;
;                            ;             ;
; Usage by Processor         ; % Time Used ;
;     Processor 1            ; 100.0%      ;
;     Processor 2            ;   0.0%      ;
;     Processors 3-4         ;   0.0%      ;
+----------------------------+-------------+


+------------------------------------------------------------------------------------------------------------------------------+
; Analysis & Synthesis Source Files Read                                                                                       ;
+----------------------------------+-----------------+------------------------+--------------------------------------+---------+
; File Name with User-Entered Path ; Used in Netlist ; File Type              ; File Name with Absolute Path         ; Library ;
+----------------------------------+-----------------+------------------------+--------------------------------------+---------+
; crossbar/switch.v                ; yes             ; User Verilog HDL File  ; D:/Soft/Quartus/crossbar/switch.v    ;         ;
; crossbar/matrix.v                ; yes             ; User Verilog HDL File  ; D:/Soft/Quartus/crossbar/matrix.v    ;         ;
; crossbar/io_cell.v               ; yes             ; User Verilog HDL File  ; D:/Soft/Quartus/crossbar/io_cell.v   ;         ;
; crossbar/control.v               ; yes             ; User Verilog HDL File  ; D:/Soft/Quartus/crossbar/control.v   ;         ;
; crossbar/top_final.v             ; yes             ; User Verilog HDL File  ; D:/Soft/Quartus/crossbar/top_final.v ;         ;
+----------------------------------+-----------------+------------------------+--------------------------------------+---------+


+----------------------------------------------------------------------+
; Analysis & Synthesis Resource Usage Summary                          ;
+---------------------------------------------+------------------------+
; Resource                                    ; Usage                  ;
+---------------------------------------------+------------------------+
; Estimate of Logic utilization (ALMs needed) ; 116                    ;
;                                             ;                        ;
; Combinational ALUT usage for logic          ; 220                    ;
;     -- 7 input functions                    ; 3                      ;
;     -- 6 input functions                    ; 7                      ;
;     -- 5 input functions                    ; 70                     ;
;     -- 4 input functions                    ; 5                      ;
;     -- <=3 input functions                  ; 135                    ;
;                                             ;                        ;
; Dedicated logic registers                   ; 16                     ;
;                                             ;                        ;
; I/O pins                                    ; 398                    ;
;                                             ;                        ;
; Total DSP Blocks                            ; 0                      ;
;                                             ;                        ;
; Maximum fan-out node                        ; switch:b2v_inst0|inadd ;
; Maximum fan-out                             ; 134                    ;
; Total fan-out                               ; 1473                   ;
; Average fan-out                             ; 1.43                   ;
+---------------------------------------------+------------------------+


+----------------------------------------------------------------------------------------------------------------------------------------------------------------------------------------------------------------------------------+
; Analysis & Synthesis Resource Utilization by Entity                                                                                                                                                                              ;
+--------------------------------+---------------------+---------------------------+-------------------+------------+------+--------------+---------------------------------------------------------+---------------+--------------+
; Compilation Hierarchy Node     ; Combinational ALUTs ; Dedicated Logic Registers ; Block Memory Bits ; DSP Blocks ; Pins ; Virtual Pins ; Full Hierarchy Name                                     ; Entity Name   ; Library Name ;
+--------------------------------+---------------------+---------------------------+-------------------+------------+------+--------------+---------------------------------------------------------+---------------+--------------+
; |top_final                     ; 220 (66)            ; 16 (0)                    ; 0                 ; 0          ; 398  ; 0            ; |top_final                                              ; top_final     ; work         ;
;    |Switch_Matrix:b2v_matrix2| ; 132 (0)             ; 0 (0)                     ; 0                 ; 0          ; 0    ; 0            ; |top_final|Switch_Matrix:b2v_matrix2                    ; Switch_Matrix ; work         ;
;       |IO_cell:to_slave_1|     ; 66 (66)             ; 0 (0)                     ; 0                 ; 0          ; 0    ; 0            ; |top_final|Switch_Matrix:b2v_matrix2|IO_cell:to_slave_1 ; IO_cell       ; work         ;
;       |IO_cell:to_slave_2|     ; 66 (66)             ; 0 (0)                     ; 0                 ; 0          ; 0    ; 0            ; |top_final|Switch_Matrix:b2v_matrix2|IO_cell:to_slave_2 ; IO_cell       ; work         ;
;    |control:my_cntr|           ; 20 (20)             ; 12 (12)                   ; 0                 ; 0          ; 0    ; 0            ; |top_final|control:my_cntr                              ; control       ; work         ;
;    |switch:b2v_inst0|          ; 1 (1)               ; 2 (2)                     ; 0                 ; 0          ; 0    ; 0            ; |top_final|switch:b2v_inst0                             ; switch        ; work         ;
;    |switch:b2v_inst1|          ; 1 (1)               ; 2 (2)                     ; 0                 ; 0          ; 0    ; 0            ; |top_final|switch:b2v_inst1                             ; switch        ; work         ;
+--------------------------------+---------------------+---------------------------+-------------------+------------+------+--------------+---------------------------------------------------------+---------------+--------------+
Note: For table entries with two numbers listed, the numbers in parentheses indicate the number of resources of the given type used by the specific entity alone. The numbers listed outside of parentheses indicate the total resources of the given type used by the specific entity and all of its sub-entities in the hierarchy.


Encoding Type:  One-Hot
+---------------------------------------------------+
; State Machine - |top_final|control:my_cntr|state  ;
+------------+------------+------------+------------+
; Name       ; state.IDLE ; state.CNFG ; state.LOAD ;
+------------+------------+------------+------------+
; state.IDLE ; 0          ; 0          ; 0          ;
; state.LOAD ; 1          ; 0          ; 1          ;
; state.CNFG ; 1          ; 1          ; 0          ;
+------------+------------+------------+------------+


+------------------------------------------------------------+
; Registers Removed During Synthesis                         ;
+---------------------------------------+--------------------+
; Register name                         ; Reason for Removal ;
+---------------------------------------+--------------------+
; control:my_cntr|inaddr~en             ; Lost fanout        ;
; control:my_cntr|outaddr~en            ; Lost fanout        ;
; control:my_cntr|ncw[0]~en             ; Lost fanout        ;
; control:my_cntr|ncw[1]~en             ; Lost fanout        ;
; Total Number of Removed Registers = 4 ;                    ;
+---------------------------------------+--------------------+


+------------------------------------------------------+
; General Register Statistics                          ;
+----------------------------------------------+-------+
; Statistic                                    ; Value ;
+----------------------------------------------+-------+
; Total registers                              ; 16    ;
; Number of registers using Synchronous Clear  ; 0     ;
; Number of registers using Synchronous Load   ; 0     ;
; Number of registers using Asynchronous Clear ; 9     ;
; Number of registers using Asynchronous Load  ; 0     ;
; Number of registers using Clock Enable       ; 0     ;
; Number of registers using Preset             ; 0     ;
+----------------------------------------------+-------+


+------------------------------------------------------------------------------------------------------------------------------------------+
; Multiplexer Restructuring Statistics (Restructuring Performed)                                                                           ;
+--------------------+-----------+---------------+----------------------+------------------------+------------+----------------------------+
; Multiplexer Inputs ; Bus Width ; Baseline Area ; Area if Restructured ; Saving if Restructured ; Registered ; Example Multiplexer Output ;
+--------------------+-----------+---------------+----------------------+------------------------+------------+----------------------------+
; 4:1                ; 33 bits   ; 66 LEs        ; 66 LEs               ; 0 LEs                  ; No         ; |top_final|ans1            ;
; 4:1                ; 33 bits   ; 66 LEs        ; 66 LEs               ; 0 LEs                  ; No         ; |top_final|ans2            ;
+--------------------+-----------+---------------+----------------------+------------------------+------------+----------------------------+


+--------------------------------------------------------------+
; Parameter Settings for User Entity Instance: control:my_cntr ;
+----------------+-------+-------------------------------------+
; Parameter Name ; Value ; Type                                ;
+----------------+-------+-------------------------------------+
; IDLE           ; 00    ; Unsigned Binary                     ;
; LOAD           ; 01    ; Unsigned Binary                     ;
; CNFG           ; 10    ; Unsigned Binary                     ;
+----------------+-------+-------------------------------------+
Note: In order to hide this table in the UI and the text report file, please set the "Show Parameter Settings in Synthesis Report" option in "Analysis and Synthesis Settings -> More Settings" to "Off".


+-----------------------------------------------------+
; Post-Synthesis Netlist Statistics for Top Partition ;
+-----------------------+-----------------------------+
; Type                  ; Count                       ;
+-----------------------+-----------------------------+
; arriav_ff             ; 16                          ;
;     CLR               ; 9                           ;
;     plain             ; 7                           ;
; arriav_lcell_comb     ; 220                         ;
;     extend            ; 3                           ;
;         7 data inputs ; 3                           ;
;     normal            ; 217                         ;
;         2 data inputs ; 2                           ;
;         3 data inputs ; 133                         ;
;         4 data inputs ; 5                           ;
;         5 data inputs ; 70                          ;
;         6 data inputs ; 7                           ;
; boundary_port         ; 398                         ;
;                       ;                             ;
; Max LUT depth         ; 3.00                        ;
; Average LUT depth     ; 1.09                        ;
+-----------------------+-----------------------------+


+-------------------------------+
; Elapsed Time Per Partition    ;
+----------------+--------------+
; Partition Name ; Elapsed Time ;
+----------------+--------------+
; Top            ; 00:00:02     ;
+----------------+--------------+


+-------------------------------+
; Analysis & Synthesis Messages ;
+-------------------------------+
Info: *******************************************************************
Info: Running Quartus Prime Analysis & Synthesis
    Info: Version 18.0.0 Build 614 04/24/2018 SJ Lite Edition
    Info: Processing started: Thu Sep 27 22:57:25 2018
Info: Command: quartus_map --read_settings_files=on --write_settings_files=off crossbar -c crossbar
Warning (18236): Number of processors has not been specified which may cause overloading on shared machines.  Set the global assignment NUM_PARALLEL_PROCESSORS in your QSF to an appropriate value for best performance.
Info (20030): Parallel compilation is enabled and will use 4 of the 4 processors detected
Info (12021): Found 1 design units, including 1 entities, in source file crossbar/master.v
    Info (12023): Found entity 1: master File: D:/Soft/Quartus/crossbar/master.v Line: 2
Info (12021): Found 1 design units, including 1 entities, in source file crossbar/slave.v
    Info (12023): Found entity 1: slave File: D:/Soft/Quartus/crossbar/slave.v Line: 1
Info (12021): Found 1 design units, including 1 entities, in source file crossbar/testbench_basic.v
    Info (12023): Found entity 1: testbench_basic File: D:/Soft/Quartus/crossbar/testbench_basic.v Line: 3
Info (12021): Found 1 design units, including 1 entities, in source file crossbar/top.v
    Info (12023): Found entity 1: top File: D:/Soft/Quartus/crossbar/top.v Line: 1
Info (12021): Found 1 design units, including 1 entities, in source file crossbar/switch.v
    Info (12023): Found entity 1: switch File: D:/Soft/Quartus/crossbar/switch.v Line: 1
Info (12021): Found 1 design units, including 1 entities, in source file crossbar/matrix.v
    Info (12023): Found entity 1: Switch_Matrix File: D:/Soft/Quartus/crossbar/matrix.v Line: 1
Info (12021): Found 1 design units, including 1 entities, in source file crossbar/io_cell.v
    Info (12023): Found entity 1: IO_cell File: D:/Soft/Quartus/crossbar/io_cell.v Line: 1
Warning (12019): Can't analyze file -- file crossbar/top_basic.v is missing
Info (12021): Found 1 design units, including 1 entities, in source file crossbar/control.v
    Info (12023): Found entity 1: control File: D:/Soft/Quartus/crossbar/control.v Line: 1
Info (12021): Found 1 design units, including 1 entities, in source file crossbar/top_final.v
    Info (12023): Found entity 1: top_final File: D:/Soft/Quartus/crossbar/top_final.v Line: 1
Info (12127): Elaborating entity "top_final" for the top level hierarchy
Info (12128): Elaborating entity "switch" for hierarchy "switch:b2v_inst0" File: D:/Soft/Quartus/crossbar/top_final.v Line: 57
Info (12128): Elaborating entity "Switch_Matrix" for hierarchy "Switch_Matrix:b2v_matrix2" File: D:/Soft/Quartus/crossbar/top_final.v Line: 61
Info (12128): Elaborating entity "IO_cell" for hierarchy "Switch_Matrix:b2v_matrix2|IO_cell:to_slave_1" File: D:/Soft/Quartus/crossbar/matrix.v Line: 11
Info (12128): Elaborating entity "control" for hierarchy "control:my_cntr" File: D:/Soft/Quartus/crossbar/top_final.v Line: 63
Warning (13046): Tri-state node(s) do not directly drive top-level pin(s)
    Warning (13049): Converted tri-state buffer "control:my_cntr|inaddr" feeding internal logic into a wire File: D:/Soft/Quartus/crossbar/control.v Line: 5
    Warning (13049): Converted tri-state buffer "control:my_cntr|outaddr" feeding internal logic into a wire File: D:/Soft/Quartus/crossbar/control.v Line: 5
    Warning (13049): Converted tri-state buffer "control:my_cntr|ncw[0]~0" feeding internal logic into a wire File: D:/Soft/Quartus/crossbar/control.v Line: 47
    Warning (13049): Converted tri-state buffer "control:my_cntr|ncw[1]~1" feeding internal logic into a wire File: D:/Soft/Quartus/crossbar/control.v Line: 47
Info (286030): Timing-Driven Synthesis is running
Info (17049): 4 registers lost all their fanouts during netlist optimizations.
Info (144001): Generated suppressed messages file D:/Soft/Quartus/output_files/crossbar.map.smsg
Info (16010): Generating hard_block partition "hard_block:auto_generated_inst"
    Info (16011): Adding 0 node(s), including 0 DDIO, 0 PLL, 0 transceiver and 0 LCELL
Info (21057): Implemented 622 device resources after synthesis - the final resource count might be different
    Info (21058): Implemented 200 input pins
    Info (21059): Implemented 198 output pins
    Info (21061): Implemented 224 logic cells
Info: Quartus Prime Analysis & Synthesis was successful. 0 errors, 7 warnings
    Info: Peak virtual memory: 4844 megabytes
    Info: Processing ended: Thu Sep 27 22:57:56 2018
    Info: Elapsed time: 00:00:31
    Info: Total CPU time (on all processors): 00:00:25


+------------------------------------------+
; Analysis & Synthesis Suppressed Messages ;
+------------------------------------------+
The suppressed messages can be found in D:/Soft/Quartus/crossbar.map.smsg.


